<?xml version="1.0" encoding="UTF-8"?>
<testsuite xmlns:xsi="http://www.w3.org/2001/XMLSchema-instance" xsi:noNamespaceSchemaLocation="https://maven.apache.org/surefire/maven-surefire-plugin/xsd/surefire-test-report-3.0.xsd" version="3.0" name="model.dao.AppUsersDaoTransactionalTest" time="0.053" tests="1" errors="0" skipped="0" failures="0">
  <properties>
[...]
</properties>
  <testcase name="testGetAllUsersReturnsInsertedUser" classname="model.dao.AppUsersDaoTransactionalTest" time="0.05">
    <system-out><![CDATA[16:03:39.133 [main] DEBUG org.mariadb.jdbc.client.impl.StandardClient -- execute query: INSERT INTO app_users (username, email, password_hash, role, is_active, created_at) VALUES (?, ?, ?, ?, ?, ?)
16:03:39.151 [main] DEBUG org.mariadb.jdbc.client.impl.StandardClient -- execute query: SELECT * FROM app_users
16:03:39.162 [main] DEBUG org.mariadb.jdbc.client.impl.StandardClient -- execute query: DELETE FROM app_users WHERE username = ?
]]></system-out>
  </testcase>
</testsuite>